<?xml version="1.0" encoding="UTF-8"?>
<testng-results ignored="0" total="1" passed="1" failed="0" skipped="0">
  <reporter-output>
  </reporter-output>
  <suite started-at="2022-09-08T11:44:11 IST" name="All Test Suite" finished-at="2022-09-08T11:44:53 IST" duration-ms="41676">
    <groups>
      <group name="cucumber">
        <method signature="AbstractTestNGCucumberTests.runScenario(io.cucumber.testng.PickleWrapper, io.cucumber.testng.FeatureWrapper)[pri:0, instance:testRunners.End2EndRunner@17497425]" name="runScenario" class="io.cucumber.testng.AbstractTestNGCucumberTests"/>
      </group> <!-- cucumber -->
    </groups>
    <test started-at="2022-09-08T11:44:11 IST" name="Chrome_Test" finished-at="2022-09-08T11:44:53 IST" duration-ms="41676">
      <class name="testRunners.End2EndRunner">
        <test-method is-config="true" signature="setUpClass(org.testng.ITestContext)[pri:0, instance:testRunners.End2EndRunner@17497425]" started-at="2022-09-08T11:44:11 IST" name="setUpClass" finished-at="2022-09-08T11:44:13 IST" duration-ms="1594" status="PASS">
          <params>
            <param index="0">
              <value>
                <![CDATA[org.testng.TestRunner@1e4d8770]]>
              </value>
            </param>
          </params>
          <reporter-output>
          </reporter-output>
        </test-method> <!-- setUpClass -->
        <test-method is-config="true" signature="setUp(java.lang.String)[pri:0, instance:testRunners.End2EndRunner@17497425]" started-at="2022-09-08T11:44:13 IST" name="setUp" finished-at="2022-09-08T11:44:18 IST" duration-ms="5542" status="PASS">
          <params>
            <param index="0">
              <value>
                <![CDATA[chrome]]>
              </value>
            </param>
          </params>
          <reporter-output>
          </reporter-output>
        </test-method> <!-- setUp -->
        <test-method signature="runScenario(io.cucumber.testng.PickleWrapper, io.cucumber.testng.FeatureWrapper)[pri:0, instance:testRunners.End2EndRunner@17497425]" started-at="2022-09-08T11:44:18 IST" name="runScenario" description="Runs Cucumber Scenarios" data-provider="scenarios" finished-at="2022-09-08T11:44:51 IST" duration-ms="32106" status="PASS">
          <params>
            <param index="0">
              <value>
                <![CDATA["Login with Business Analyst"]]>
              </value>
            </param>
            <param index="1">
              <value>
                <![CDATA["Optional[End-to-End functionality]"]]>
              </value>
            </param>
          </params>
          <reporter-output>
          </reporter-output>
        </test-method> <!-- runScenario -->
        <test-method is-config="true" signature="tearDownClass()[pri:0, instance:testRunners.End2EndRunner@17497425]" started-at="2022-09-08T11:44:51 IST" name="tearDownClass" finished-at="2022-09-08T11:44:53 IST" duration-ms="2327" status="PASS">
          <reporter-output>
          </reporter-output>
        </test-method> <!-- tearDownClass -->
      </class> <!-- testRunners.End2EndRunner -->
    </test> <!-- Chrome_Test -->
  </suite> <!-- All Test Suite -->
</testng-results>
